<?xml version="1.0" encoding="UTF-8"?>
<!-- Generated by org.testng.reporters.JUnitXMLReporter -->
<testsuite ignored="0" hostname="bisag" failures="2" tests="3" name="Test" time="10.456" errors="0" timestamp="2025-05-06T12:03:27 IST">
  <testcase classname="new_CICD.new_test_CICD" name="testGoogleSearchTitle" time="2.8">
    <failure type="java.lang.AssertionError" message="expected:&amp;lt;Google&amp;gt; but was:&amp;lt;Google1&amp;gt;">
      <![CDATA[java.lang.AssertionError: expected:<Google> but was:<Google1>
at new_CICD.new_test_CICD.testGoogleSearchTitle(new_test_CICD.java:30)
at java.base/java.util.ArrayList.forEach(ArrayList.java:1511)
... Removed 33 stack frames]]>
    </failure>
  </testcase> <!-- testGoogleSearchTitle -->
  <testcase classname="new_CICD.test_demo" name="testwikiSearchLinux" time="3.964">
    <failure type="java.lang.AssertionError" message="Expected title: The123Java but found: Java | Oracle expected:&amp;lt;Java | Oracle&amp;gt; but was:&amp;lt;The123Java&amp;gt;">
      <![CDATA[java.lang.AssertionError: Expected title: The123Java but found: Java | Oracle expected:<Java | Oracle> but was:<The123Java>
at new_CICD.test_demo.testwikiSearchLinux(test_demo.java:30)
at java.base/java.util.ArrayList.forEach(ArrayList.java:1511)
... Removed 32 stack frames]]>
    </failure>
  </testcase> <!-- testwikiSearchLinux -->
  <testcase classname="new_CICD.test_demo" name="visit_geeksforgeeks" time="1.556"/>
</testsuite> <!-- Test -->
