<?xml version="1.0" encoding="UTF-8"?>
<!-- Generated by org.testng.reporters.JUnitXMLReporter -->
<testsuite ignored="0" hostname="bisag" failures="2" tests="2" name="Test" time="14.279" errors="0" timestamp="2025-05-06T11:41:13 IST">
  <testcase classname="new_CICD.new_test_CICD" name="testGoogleSearchTitle" time="2.774">
    <failure type="java.lang.AssertionError" message="expected:&amp;lt;Google&amp;gt; but was:&amp;lt;Google1&amp;gt;">
      <![CDATA[java.lang.AssertionError: expected:<Google> but was:<Google1>
at new_CICD.new_test_CICD.testGoogleSearchTitle(new_test_CICD.java:30)
at java.base/java.util.ArrayList.forEach(ArrayList.java:1511)
... Removed 33 stack frames]]>
    </failure>
  </testcase> <!-- testGoogleSearchTitle -->
  <testcase classname="new_CICD.test_demo" name="testwikiSearchLinux" time="8.849">
    <failure type="java.lang.AssertionError" message="expected:&amp;lt;Java | Oracle&amp;gt; but was:&amp;lt;Java | Oracle1&amp;gt;">
      <![CDATA[java.lang.AssertionError: expected:<Java | Oracle> but was:<Java | Oracle1>
at new_CICD.test_demo.testwikiSearchLinux(test_demo.java:27)
at java.base/java.util.ArrayList.forEach(ArrayList.java:1511)
... Removed 33 stack frames]]>
    </failure>
  </testcase> <!-- testwikiSearchLinux -->
</testsuite> <!-- Test -->
