<?xml version="1.0" encoding="UTF-8"?>
<testng-results ignored="0" total="2" passed="2" failed="0" skipped="0">
  <reporter-output>
  </reporter-output>
  <suite started-at="2025-05-06T11:11:40 IST" name="Suite" finished-at="2025-05-06T11:11:48 IST" duration-ms="7727">
    <groups>
    </groups>
    <test started-at="2025-05-06T11:11:40 IST" name="Test" finished-at="2025-05-06T11:11:48 IST" duration-ms="7727">
      <class name="new_CICD.test_demo">
        <test-method is-config="true" signature="setUp()[pri:0, instance:new_CICD.test_demo@2ed2d9cb]" started-at="2025-05-06T11:11:44 IST" name="setUp" finished-at="2025-05-06T11:11:45 IST" duration-ms="496" status="PASS">
          <reporter-output>
          </reporter-output>
        </test-method> <!-- setUp -->
        <test-method signature="testwikiSearchLinux()[pri:0, instance:new_CICD.test_demo@2ed2d9cb]" started-at="2025-05-06T11:11:45 IST" name="testwikiSearchLinux" finished-at="2025-05-06T11:11:47 IST" duration-ms="2843" status="PASS">
          <reporter-output>
          </reporter-output>
        </test-method> <!-- testwikiSearchLinux -->
        <test-method is-config="true" signature="tearDown()[pri:0, instance:new_CICD.test_demo@2ed2d9cb]" started-at="2025-05-06T11:11:47 IST" name="tearDown" finished-at="2025-05-06T11:11:48 IST" duration-ms="215" status="PASS">
          <reporter-output>
          </reporter-output>
        </test-method> <!-- tearDown -->
      </class> <!-- new_CICD.test_demo -->
      <class name="new_CICD.new_test_CICD">
        <test-method is-config="true" signature="setUp()[pri:0, instance:new_CICD.new_test_CICD@306e95ec]" started-at="2025-05-06T11:11:40 IST" name="setUp" finished-at="2025-05-06T11:11:41 IST" duration-ms="872" status="PASS">
          <reporter-output>
          </reporter-output>
        </test-method> <!-- setUp -->
        <test-method signature="testGoogleSearchTitle()[pri:0, instance:new_CICD.new_test_CICD@306e95ec]" started-at="2025-05-06T11:11:41 IST" name="testGoogleSearchTitle" finished-at="2025-05-06T11:11:44 IST" duration-ms="3083" status="PASS">
          <reporter-output>
          </reporter-output>
        </test-method> <!-- testGoogleSearchTitle -->
        <test-method is-config="true" signature="tearDown()[pri:0, instance:new_CICD.new_test_CICD@306e95ec]" started-at="2025-05-06T11:11:44 IST" name="tearDown" finished-at="2025-05-06T11:11:44 IST" duration-ms="168" status="PASS">
          <reporter-output>
          </reporter-output>
        </test-method> <!-- tearDown -->
      </class> <!-- new_CICD.new_test_CICD -->
    </test> <!-- Test -->
  </suite> <!-- Suite -->
</testng-results>
