<?xml version="1.0" encoding="UTF-8"?>
<testng-results ignored="0" total="1" passed="1" failed="0" skipped="0">
  <reporter-output>
  </reporter-output>
  <suite started-at="2025-05-06T10:57:57 IST" name="Default suite" finished-at="2025-05-06T10:58:03 IST" duration-ms="5546">
    <groups>
    </groups>
    <test started-at="2025-05-06T10:57:57 IST" name="Default test" finished-at="2025-05-06T10:58:03 IST" duration-ms="5546">
      <class name="new_CICD.test_demo">
        <test-method is-config="true" signature="setUp()[pri:0, instance:new_CICD.test_demo@97e93f1]" started-at="2025-05-06T10:57:57 IST" name="setUp" finished-at="2025-05-06T10:57:58 IST" duration-ms="887" status="PASS">
          <reporter-output>
          </reporter-output>
        </test-method> <!-- setUp -->
        <test-method signature="testwikiSearchLinux()[pri:0, instance:new_CICD.test_demo@97e93f1]" started-at="2025-05-06T10:57:58 IST" name="testwikiSearchLinux" finished-at="2025-05-06T10:58:03 IST" duration-ms="4401" status="PASS">
          <reporter-output>
          </reporter-output>
        </test-method> <!-- testwikiSearchLinux -->
        <test-method is-config="true" signature="tearDown()[pri:0, instance:new_CICD.test_demo@97e93f1]" started-at="2025-05-06T10:58:03 IST" name="tearDown" finished-at="2025-05-06T10:58:03 IST" duration-ms="204" status="PASS">
          <reporter-output>
          </reporter-output>
        </test-method> <!-- tearDown -->
      </class> <!-- new_CICD.test_demo -->
    </test> <!-- Default test -->
  </suite> <!-- Default suite -->
</testng-results>
